<?xml version="1.0" encoding="UTF-8"?>
<testsuite name="/util/response-test" tests="3" skipped="0" failures="0" errors="0" timestamp="2016-10-21T12:36:11" hostname="DX-CZC12732Q6" time="0.035">
  <properties/>
  <testcase name="serveNotFound" classname="/util/response-test" time="0.029"/>
  <testcase name="serveError" classname="/util/response-test" time="0.004"/>
  <testcase name="serveJson" classname="/util/response-test" time="0.002"/>
  <system-out><![CDATA[]]></system-out>
  <system-err><![CDATA[]]></system-err>
</testsuite>
